
; Version LPG-td-1.0
; Seed 3226966
; Command line: ../lpg-td-1.0 -o dominio_temporal.pddl -f problema_10paquetes.pddl -n 5 
; Problem problema_10paquetes.pddl
; Time 1.42
; Search time 1.42
; Parsing time 0.00
; Mutex time 0.00
; MakeSpan 46.00

0.0003:   (LOAD AV1 A1 P5) [3.0000]
3.0005:   (MOVER_AVION AV1 A1 A2 CIUDAD1 CIUDAD2) [0.6667]
3.6674:   (UNLOAD AV1 A2 P5) [3.0000]
0.0010:   (SUBIR_CONDUCTOR F4 D3 CA3) [2.0000]
0.0012:   (LOAD F4 CA3 P8) [3.0000]
3.0015:   (MOVER_FURGONETA F4 D3 CA3 E4 CIUDAD3) [1.4000]
4.4018:   (UNLOAD F4 E4 P8) [3.0000]
7.4020:   (MOVER_FURGONETA F4 D3 E4 CA3 CIUDAD3) [1.4000]
8.8022:   (MOVER_FURGONETA F4 D3 CA3 E4 CIUDAD3) [1.4000]
0.0025:   (LOAD T1 E2 P4) [2.0000]
2.0027:   (MOVER_TREN T1 E2 E4) [2.0000]
4.0030:   (UNLOAD T1 E4 P4) [2.0000]
7.4033:   (LOAD T1 E4 P8) [3.0000]
10.4035:   (MOVER_TREN T1 E4 E2) [2.0000]
12.4037:   (MOVER_TREN T1 E2 E1) [0.5000]
12.9040:   (LOAD T1 E1 P3) [4.0000]
16.9042:   (MOVER_TREN T1 E1 E4) [2.5000]
19.4045:   (UNLOAD T1 E4 P3) [4.0000]
23.4047:   (LOAD F4 E4 P3) [4.0000]
0.0050:   (LOAD T2 E4 P7) [2.0000]
2.0052:   (MOVER_TREN T2 E4 E1) [2.5000]
0.0055:   (LOAD F2 CA1 P1) [2.0000]
0.0058:   (MOVER_CONDUCTOR D1 E2 CA1 CIUDAD1) [12.0000]
12.0060:   (SUBIR_CONDUCTOR F2 D1 CA1) [2.0000]
14.0063:   (MOVER_FURGONETA F2 D1 CA1 E1 CIUDAD1) [1.0000]
15.0065:   (UNLOAD F2 E1 P1) [2.0000]
17.0068:   (LOAD T2 E1 P1) [2.0000]
19.0070:   (MOVER_TREN T2 E1 E4) [2.5000]
21.5072:   (UNLOAD T2 E4 P1) [2.0000]
23.5075:   (LOAD F4 E4 P1) [2.0000]
27.4077:   (MOVER_FURGONETA F4 D3 E4 CA3 CIUDAD3) [1.4000]
28.8080:   (UNLOAD F4 CA3 P3) [4.0000]
32.8083:   (MOVER_FURGONETA F4 D3 CA3 E4 CIUDAD3) [1.4000]
23.5085:   (MOVER_TREN T2 E4 E3) [2.5000]
0.0088:   (MOVER_CONDUCTOR D2 CA2 A2 CIUDAD2) [8.0000]
8.0090:   (SUBIR_CONDUCTOR F3 D2 A2) [2.0000]
6.6760:   (LOAD F3 A2 P5) [3.0000]
10.0095:   (MOVER_FURGONETA F3 D2 A2 CA2 CIUDAD2) [1.6000]
11.6098:   (LOAD F3 CA2 P2) [3.0000]
11.6100:   (UNLOAD F3 CA2 P5) [3.0000]
14.6103:   (MOVER_FURGONETA F3 D2 CA2 E3 CIUDAD2) [3.0000]
17.6105:   (UNLOAD F3 E3 P2) [3.0000]
26.0107:   (LOAD T2 E3 P2) [3.0000]
29.0110:   (MOVER_TREN T2 E3 E4) [2.5000]
31.5112:   (UNLOAD T2 E4 P2) [3.0000]
34.5115:   (LOAD F4 E4 P2) [3.0000]
34.2118:   (LOAD F4 E4 P4) [2.0000]
37.5120:   (MOVER_FURGONETA F4 D3 E4 CA3 CIUDAD3) [1.4000]
38.9123:   (UNLOAD F4 CA3 P2) [3.0000]
38.9125:   (UNLOAD F4 CA3 P4) [2.0000]
38.9128:   (UNLOAD F4 CA3 P1) [2.0000]
3.6797:   (LOAD AV1 A2 P6) [4.0000]
7.6799:   (MOVER_AVION AV1 A2 A1 CIUDAD2 CIUDAD1) [0.6667]
8.3469:   (UNLOAD AV1 A1 P6) [4.0000]
17.0138:   (MOVER_FURGONETA F2 D1 E1 E2 CIUDAD1) [1.0000]
18.0140:   (LOAD F2 E2 P9) [4.0000]
22.0142:   (MOVER_FURGONETA F2 D1 E2 A1 CIUDAD1) [1.2000]
23.2145:   (LOAD F2 A1 P6) [4.0000]
23.2148:   (UNLOAD F2 A1 P9) [4.0000]
27.2150:   (MOVER_FURGONETA F2 D1 A1 CA1 CIUDAD1) [1.0000]
28.2153:   (UNLOAD F2 CA1 P6) [4.0000]
0.0155:   (LOAD AV2 A2 P10) [4.0000]
4.0157:   (MOVER_AVION AV2 A2 A1 CIUDAD2 CIUDAD1) [0.6667]
4.6827:   (UNLOAD AV2 A1 P10) [4.0000]
34.5163:   (MOVER_TREN T2 E4 E3) [2.5000]
37.0165:   (UNLOAD T2 E3 P7) [2.0000]
39.0168:   (LOAD F3 E3 P7) [2.0000]
41.0170:   (MOVER_FURGONETA F3 D2 E3 CA2 CIUDAD2) [3.0000]
44.0173:   (UNLOAD F3 CA2 P7) [2.0000]
23.4175:   (MOVER_TREN T1 E4 E1) [2.5000]
25.9177:   (UNLOAD T1 E1 P8) [3.0000]
28.9180:   (LOAD F1 E1 P8) [3.0000]
27.2183:   (LOAD AV2 A1 P9) [4.0000]
31.2185:   (MOVER_AVION AV2 A1 A2 CIUDAD1 CIUDAD2) [0.6667]
31.8854:   (UNLOAD AV2 A2 P9) [4.0000]
28.2190:   (BAJAR_CONDUCTOR F2 D1 CA1) [2.0000]
30.2193:   (MOVER_CONDUCTOR D1 CA1 E1 CIUDAD1) [5.0000]
35.2195:   (SUBIR_CONDUCTOR F1 D1 E1) [2.0000]
37.2197:   (MOVER_FURGONETA F1 D1 E1 CA1 CIUDAD1) [1.0000]
38.2200:   (UNLOAD F1 CA1 P8) [3.0000]


