
; Version LPG-td-1.0
; Seed 96957073
; Command line: ../lpg-td-1.0 -o dominio_temporal.pddl -f problema_transporte.pddl -n 2 
; Problem problema_transporte.pddl
; Time 0.04
; Search time 0.04
; Parsing time 0.00
; Mutex time 0.00
; MakeSpan 36.50

0.0003:   (SUBIR_CONDUCTOR F4 D3 CA3) [2.0000]
2.0005:   (MOVER_FURGONETA F4 D3 CA3 E4 CIUDAD3) [1.4000]
0.0008:   (MOVER_CONDUCTOR D1 E2 A1 CIUDAD1) [6.0000]
6.0010:   (SUBIR_CONDUCTOR F2 D1 A1) [2.0000]
8.0013:   (MOVER_FURGONETA F2 D1 A1 CA1 CIUDAD1) [1.0000]
9.0015:   (LOAD F2 CA1 P1) [2.0000]
11.0017:   (MOVER_FURGONETA F2 D1 CA1 E2 CIUDAD1) [2.4000]
13.4020:   (UNLOAD F2 E2 P1) [2.0000]
15.4022:   (LOAD T1 E2 P1) [2.0000]
17.4025:   (MOVER_TREN T1 E2 E3) [3.0000]
20.4028:   (MOVER_TREN T1 E3 E4) [2.5000]
22.9030:   (UNLOAD T1 E4 P1) [2.0000]
24.9032:   (LOAD F4 E4 P1) [2.0000]
0.0035:   (MOVER_TREN T2 E4 E3) [2.5000]
0.0037:   (MOVER_CONDUCTOR D2 CA2 A2 CIUDAD2) [8.0000]
8.0040:   (SUBIR_CONDUCTOR F3 D2 A2) [2.0000]
10.0042:   (MOVER_FURGONETA F3 D2 A2 CA2 CIUDAD2) [1.6000]
11.6045:   (LOAD F3 CA2 P2) [3.0000]
14.6048:   (MOVER_FURGONETA F3 D2 CA2 E3 CIUDAD2) [3.0000]
17.6050:   (UNLOAD F3 E3 P2) [3.0000]
20.6053:   (LOAD T2 E3 P2) [3.0000]
23.6055:   (MOVER_TREN T2 E3 E4) [2.5000]
26.1058:   (UNLOAD T2 E4 P2) [3.0000]
29.1060:   (LOAD F4 E4 P2) [3.0000]
32.1062:   (MOVER_FURGONETA F4 D3 E4 CA3 CIUDAD3) [1.4000]
33.5065:   (UNLOAD F4 CA3 P1) [2.0000]
33.5067:   (UNLOAD F4 CA3 P2) [3.0000]


