
Parsing domain file:  domain 'TRANSPORTE' defined ... done.
Parsing problem file:  problem 'PROBTRANSPORTE' defined ... done.



Modality: Incremental Planner

Number of actions             :     879
Number of conditional actions :       0
Number of facts               :     125


Analyzing Planning Problem:
	Temporal Planning Problem: YES
	Numeric Planning Problem: YES
	Problem with Timed Initial Litearals: NO
	Problem with Derived Predicates: NO

Evaluation function weights:
     Action duration 1.00; Action cost 0.00


Computing mutex... done

Preprocessing total time: 0.00 seconds

Searching ('.' = every 50 search steps):
 solution found: 

Plan computed:
   Time: (ACTION) [action Duration; action Cost]
 0.0000: (MOVER_CONDUCTOR D1 E2 A1 CIUDAD1) [D:6.0000; C:0.1000]
 0.0000: (MOVER_CONDUCTOR D2 CA2 A2 CIUDAD2) [D:8.0000; C:0.1000]
 6.0000: (SUBIR_CONDUCTOR F2 D1 A1) [D:2.0000; C:0.1000]
 8.0000: (MOVER_FURGONETA F2 D1 A1 CA1 CIUDAD1) [D:1.0000; C:0.1000]
 8.0000: (SUBIR_CONDUCTOR F3 D2 A2) [D:2.0000; C:0.1000]
 9.0000: (LOAD F2 CA1 P1) [D:2.0000; C:0.1000]
 11.0000: (MOVER_FURGONETA F2 D1 CA1 A1 CIUDAD1) [D:1.0000; C:0.1000]
 12.0000: (UNLOAD F2 A1 P1) [D:2.0000; C:0.1000]
 14.0000: (LOAD AV1 A1 P1) [D:2.0000; C:0.1000]
 16.0000: (MOVER_AVION AV1 A1 A2 CIUDAD1 CIUDAD2) [D:15.0000; C:0.1000]
 31.0000: (UNLOAD AV1 A2 P1) [D:2.0000; C:0.1000]
 33.0000: (LOAD AV2 A2 P1) [D:2.0000; C:0.1000]
 35.0000: (UNLOAD AV2 A2 P1) [D:2.0000; C:0.1000]
 37.0000: (LOAD F3 A2 P1) [D:2.0000; C:0.1000]
 39.0000: (MOVER_FURGONETA F3 D2 A2 CA2 CIUDAD2) [D:1.6000; C:0.1000]
 40.6000: (UNLOAD F3 CA2 P1) [D:2.0000; C:0.1000]
 40.6000: (LOAD F3 CA2 P2) [D:3.0000; C:0.1000]
 43.6000: (MOVER_FURGONETA F3 D2 CA2 A2 CIUDAD2) [D:1.6000; C:0.1000]
 45.2000: (UNLOAD F3 A2 P2) [D:3.0000; C:0.1000]
 48.2000: (LOAD AV1 A2 P2) [D:3.0000; C:0.1000]
 51.2000: (MOVER_AVION AV1 A2 A1 CIUDAD2 CIUDAD1) [D:15.0000; C:0.1000]
 66.2000: (UNLOAD AV1 A1 P2) [D:3.0000; C:0.1000]
 69.2000: (LOAD F2 A1 P2) [D:3.0000; C:0.1000]
 72.2000: (MOVER_FURGONETA F2 D1 A1 CA1 CIUDAD1) [D:1.0000; C:0.1000]
 73.2000: (UNLOAD F2 CA1 P2) [D:3.0000; C:0.1000]


Solution number: 1
Total time:      0.02
Search time:     0.02
Actions:         25
Execution cost:  2.50
Duration:        76.200
Plan quality:    76.200
     Plan file:       plan_problema_transporte.pddl_1.SOL

