Number of literals: 167
Constructing lookup tables: [10%] [20%] [30%] [40%] [50%] [60%] [70%] [80%] [90%] [100%]
Post filtering unreachable actions:  [10%] [20%] [30%] [40%] [50%] [60%] [70%] [80%] [90%] [100%]
No semaphore facts found, returning
Seeing if metric is defined in terms of task vars or a minimal value of makespan
- Yes it is
Recognised a monotonic-change-induced limit on -1.000*<special>
- Must be >=  the metric
[01;34mFor limits: literal goal index 0, fact (at p1 ca2), is static or a precondition[00m
[01;34mFor limits: literal goal index 1, fact (at p2 ca3), is static or a precondition[00m
[01;34mFor limits: literal goal index 2, fact (at p3 e3), is static or a precondition[00m
[01;34mFor limits: literal goal index 3, fact (at p4 ca3), is static or a precondition[00m
[01;34mFor limits: literal goal index 4, fact (at p5 ca1), is static or a precondition[00m
66% of the ground temporal actions in this problem are compression-safe
Initial heuristic = 55.000, admissible cost estimate 29.609
b (54.000 | 2.000)b (53.000 | 8.000)b (52.000 | 8.000)b (51.000 | 15.000)b (49.000 | 15.000)b (45.000 | 20.000)b (44.000 | 20.000)b (43.000 | 20.000)b (42.000 | 20.000)b (41.000 | 20.000)b (40.000 | 20.000)b (39.000 | 20.000)b (38.000 | 20.000)b (37.000 | 20.000)b (36.000 | 20.000)b (35.000 | 20.000)b (34.000 | 20.000)b (33.000 | 20.000)b (32.000 | 25.003)b (31.000 | 25.003)b (30.000 | 30.001)b (29.000 | 30.001)b (28.000 | 30.001)b (27.000 | 30.001)b (26.000 | 30.001)b (25.000 | 30.001)b (24.000 | 30.001)b (23.000 | 30.001)b (22.000 | 49.004)b (22.000 | 49.003)b (21.000 | 51.004)b (21.000 | 51.003)b (20.000 | 51.004)b (20.000 | 51.003)b (19.000 | 51.004)b (18.000 | 51.004)b (17.000 | 54.005)b (16.000 | 55.404)b (15.000 | 56.405)b (14.000 | 58.405)b (13.000 | 58.405)b (12.000 | 58.405)b (11.000 | 58.405)b (10.000 | 58.405)b (9.000 | 58.405)b (8.000 | 58.405)b (7.000 | 58.405)b (6.000 | 58.405)b (5.000 | 58.405)b (4.000 | 58.405)b (3.000 | 58.405)b (2.000 | 58.405)b (1.000 | 58.405)(G)
; LP calculated the cost

; Plan found with metric 58.405
; Theoretical reachable cost 58.406
; States evaluated so far: 1141
; States pruned based on pre-heuristic cost lower bound: 0
; Time 2.56
0.000: (subir_conductor f4 d3 ca3)  [2.000]
0.000: (mover_conductor d2 ca2 a2 ciudad2)  [8.000]
0.000: (mover_conductor d1 e2 e1 ciudad1)  [5.000]
0.000: (mover_avion av1 a1 a2 ciudad1 ciudad2)  [15.000]
0.000: (mover_avion av2 a2 a1 ciudad2 ciudad1)  [15.000]
0.000: (mover_tren t1 e2 e3)  [20.000]
0.000: (mover_tren t3 e3 e4)  [20.000]
0.000: (load f4 ca3 p5)  [1.000]
2.000: (mover_furgoneta f4 d3 ca3 e4 ciudad3)  [1.399]
3.400: (unload f4 e4 p5)  [1.000]
4.401: (mover_furgoneta f4 d3 e4 ca3 ciudad3)  [1.399]
4.402: (load t2 e4 p5)  [1.000]
5.001: (subir_conductor f1 d1 e1)  [2.000]
5.402: (mover_tren t2 e4 e1)  [20.000]
5.802: (mover_furgoneta f4 d3 ca3 e4 ciudad3)  [1.399]
7.002: (mover_furgoneta f1 d1 e1 ca1 ciudad1)  [1.000]
7.203: (mover_furgoneta f4 d3 e4 ca3 ciudad3)  [1.399]
8.001: (subir_conductor f3 d2 a2)  [2.000]
8.003: (load f1 ca1 p1)  [2.000]
8.604: (mover_furgoneta f4 d3 ca3 e4 ciudad3)  [1.399]
10.002: (mover_furgoneta f3 d2 a2 e3 ciudad2)  [3.000]
10.003: (mover_furgoneta f1 d1 ca1 e1 ciudad1)  [1.000]
11.003: (unload f1 e1 p1)  [2.000]
13.003: (mover_furgoneta f3 d2 e3 ca2 ciudad2)  [3.000]
15.001: (mover_avion av2 a1 a2 ciudad1 ciudad2)  [15.000]
15.001: (mover_avion av1 a2 a1 ciudad2 ciudad1)  [15.000]
16.003: (load f3 ca2 p2)  [3.000]
19.003: (mover_furgoneta f3 d2 ca2 e3 ciudad2)  [3.000]
20.001: (load t1 e3 p4)  [1.000]
20.001: (mover_tren t3 e4 e3)  [20.000]
22.003: (unload f3 e3 p2)  [3.000]
25.004: (load t1 e3 p2)  [3.000]
25.402: (unload t2 e1 p5)  [1.000]
25.402: (load t2 e1 p3)  [2.000]
25.402: (load t2 e1 p1)  [2.000]
26.403: (load f1 e1 p5)  [1.000]
27.402: (mover_tren t2 e1 e3)  [20.000]
27.403: (mover_furgoneta f1 d1 e1 ca1 ciudad1)  [1.000]
28.004: (mover_tren t1 e3 e4)  [20.000]
28.403: (unload f1 ca1 p5)  [1.000]
30.002: (mover_avion av1 a1 a2 ciudad1 ciudad2)  [15.000]
47.402: (unload t2 e3 p3)  [2.000]
47.402: (unload t2 e3 p1)  [2.000]
48.004: (unload t1 e4 p4)  [1.000]
48.004: (unload t1 e4 p2)  [3.000]
49.005: (load f4 e4 p4)  [1.000]
49.403: (load f3 e3 p1)  [2.000]
51.005: (load f4 e4 p2)  [3.000]
51.403: (mover_furgoneta f3 d2 e3 ca2 ciudad2)  [3.000]
54.006: (mover_furgoneta f4 d3 e4 ca3 ciudad3)  [1.399]
54.403: (unload f3 ca2 p1)  [2.000]
55.405: (unload f4 ca3 p4)  [1.000]
55.405: (unload f4 ca3 p2)  [3.000]

 * All goal deadlines now no later than 58.405

Resorting to best-first search
Running WA* with W = 5.000, not restarting with goal states
b (54.000 | 15.000)b (51.000 | 6.000)b (50.000 | 6.000)b (49.000 | 8.000)b (49.000 | 6.000)b (48.000 | 20.000)b (48.000 | 8.000)b (47.000 | 20.000)b (46.000 | 20.000)b (45.000 | 20.000)b (44.000 | 20.000)b (43.000 | 20.000)b (41.000 | 20.000)b (40.000 | 20.000)b (39.000 | 20.000)b (38.000 | 20.000)b (37.000 | 20.000)b (36.000 | 20.000)b (35.000 | 20.602)b (34.000 | 20.602)b (33.000 | 21.002)b (32.000 | 24.002)b (32.000 | 24.001)b (31.000 | 24.002)b (30.000 | 30.001)b (29.000 | 30.001)b (28.000 | 30.001)b (27.000 | 30.001)b (26.000 | 30.001)b (25.000 | 30.001)b (24.000 | 30.001)b (23.000 | 30.001)b (22.000 | 44.603)b (21.000 | 46.603)b (21.000 | 44.603)b (20.000 | 46.603)b (19.000 | 46.603)b (18.000 | 46.603)b (17.000 | 49.603)b (16.000 | 51.003)b (15.000 | 52.003)b (14.000 | 54.003)b (14.000 | 52.003)b (13.000 | 54.003)b (12.000 | 54.003)b (11.000 | 54.003)b (10.000 | 54.003)b (9.000 | 54.003)b (8.000 | 54.003)b (7.000 | 54.003)b (6.000 | 54.003)b (5.000 | 54.003)b (4.000 | 54.003)b (3.000 | 54.003)b (2.000 | 54.402)b (1.000 | 56.402)(G)
; LP calculated the cost

; Plan found with metric 56.403
; Theoretical reachable cost 56.404
; States evaluated so far: 6076
; States pruned based on pre-heuristic cost lower bound: 0
; Time 15.24
0.000: (mover_conductor d1 e2 a1 ciudad1)  [6.000]
0.000: (subir_conductor f4 d3 ca3)  [2.000]
0.000: (mover_conductor d2 ca2 a2 ciudad2)  [8.000]
0.000: (mover_tren t1 e2 e3)  [20.000]
0.000: (mover_tren t3 e3 e4)  [20.000]
0.000: (load f4 ca3 p5)  [1.000]
0.000: (mover_avion av1 a1 a2 ciudad1 ciudad2)  [15.000]
0.000: (mover_avion av2 a2 a1 ciudad2 ciudad1)  [15.000]
2.000: (mover_furgoneta f4 d3 ca3 e4 ciudad3)  [1.399]
3.400: (unload f4 e4 p5)  [1.000]
4.402: (load t2 e4 p5)  [1.000]
5.402: (mover_tren t2 e4 e1)  [20.000]
6.001: (mover_conductor d1 a1 e1 ciudad1)  [10.000]
8.001: (subir_conductor f3 d2 a2)  [2.000]
10.002: (mover_furgoneta f3 d2 a2 ca2 ciudad2)  [1.600]
11.602: (load f3 ca2 p2)  [3.000]
14.602: (mover_furgoneta f3 d2 ca2 e3 ciudad2)  [3.000]
15.001: (mover_avion av2 a1 a2 ciudad1 ciudad2)  [15.000]
15.001: (mover_avion av1 a2 a1 ciudad2 ciudad1)  [15.000]
16.002: (subir_conductor f1 d1 e1)  [2.000]
17.602: (unload f3 e3 p2)  [3.000]
18.002: (mover_furgoneta f1 d1 e1 ca1 ciudad1)  [1.000]
19.002: (load f1 ca1 p1)  [2.000]
20.001: (load t1 e3 p4)  [1.000]
20.001: (mover_tren t3 e4 e3)  [20.000]
20.603: (load t1 e3 p2)  [3.000]
21.002: (mover_furgoneta f1 d1 ca1 e1 ciudad1)  [1.000]
22.002: (unload f1 e1 p1)  [2.000]
25.402: (unload t2 e1 p5)  [1.000]
25.402: (load t2 e1 p3)  [2.000]
25.402: (load t2 e1 p1)  [2.000]
26.003: (mover_tren t1 e3 e4)  [20.000]
27.402: (mover_tren t2 e1 e3)  [20.000]
41.403: (mover_avion av1 a1 a2 ciudad1 ciudad2)  [15.000]
46.003: (unload t1 e4 p2)  [3.000]
47.402: (unload t2 e3 p1)  [2.000]
49.004: (load f4 e4 p2)  [3.000]
49.403: (load f3 e3 p1)  [2.000]
50.003: (unload t1 e4 p4)  [1.000]
51.004: (load f4 e4 p4)  [1.000]
51.403: (mover_furgoneta f3 d2 e3 ca2 ciudad2)  [3.000]
52.004: (mover_furgoneta f4 d3 e4 ca3 ciudad3)  [1.399]
53.403: (load f1 e1 p5)  [1.000]
53.403: (unload f4 ca3 p2)  [3.000]
54.403: (mover_furgoneta f1 d1 e1 ca1 ciudad1)  [1.000]
54.403: (unload t2 e3 p3)  [2.000]
54.403: (unload f3 ca2 p1)  [2.000]
55.403: (unload f1 ca1 p5)  [1.000]
55.403: (unload f4 ca3 p4)  [1.000]

 * All goal deadlines now no later than 56.403
