Model 0: Accuracy (en): 0.69 	Best params: {'learning_rate': 0.001, 'loss': 'deviance', 'n_estimators': 150}
Model 1: Accuracy (en): 0.70 	Best params: {'C': 1, 'loss': 'hinge', 'max_iter': 1000, 'tol': 2}
Model 2: Accuracy (en): 0.72 	Best params: {'C': 30, 'kernel': 'poly', 'max_iter': 1000, 'tol': 2}
Model 3: Accuracy (en): 0.71 	Best params: {'alpha': 1e-05, 'loss': 'hinge', 'n_jobs': -1, 'tol': 0.1}
Model 4: Accuracy (en): 0.75 	Best params: {'activation': 'relu', 'hidden_layer_sizes': 16, 'learning_rate': 'constant', 'learning_rate_init': 1e-05, 'max_iter': 500, 'solver': 'adam', 'warm_start': True}
Model 5: Accuracy (en): 0.62 	Best params: {'n_jobs': -1, 'n_neighbors': 10}
Model 6: Accuracy (en): 0.72 	Best params: {'n_estimators': 150, 'n_jobs': -1}
Model 7: Accuracy (en): 0.61 	Best params: {'var_smoothing': 1e-09}
Model 8: Accuracy (en): 0.61 	Best params: {'splitter': 'best'}
Model 0: Accuracy (en): 0.59 	Best params: {'learning_rate': 0.01, 'loss': 'deviance', 'n_estimators': 450}
Model 1: Accuracy (en): 0.70 	Best params: {'C': 1, 'loss': 'hinge', 'max_iter': 1000, 'tol': 0.5}
Model 2: Accuracy (en): 0.70 	Best params: {'C': 1, 'kernel': 'sigmoid', 'max_iter': 1000, 'tol': 0.01}
Model 3: Accuracy (en): 0.67 	Best params: {'alpha': 0.001, 'loss': 'hinge', 'n_jobs': -1, 'tol': 0.01}
Model 4: Accuracy (en): 0.68 	Best params: {'activation': 'relu', 'hidden_layer_sizes': 16, 'learning_rate': 'constant', 'learning_rate_init': 0.1, 'max_iter': 500, 'solver': 'sgd', 'warm_start': True}
Model 5: Accuracy (en): 0.62 	Best params: {'n_jobs': -1, 'n_neighbors': 5}
Model 6: Accuracy (en): 0.64 	Best params: {'n_estimators': 150, 'n_jobs': -1}
Model 7: Accuracy (en): 0.53 	Best params: {'var_smoothing': 1e-09}
Model 8: Accuracy (en): 0.56 	Best params: {'splitter': 'best'}

Model 0: Accuracy (es): 0.75 	Best params: {'learning_rate': 0.01, 'loss': 'deviance', 'n_estimators': 250}
Model 1: Accuracy (es): 0.79 	Best params: {'C': 1, 'loss': 'hinge', 'max_iter': 1000, 'tol': 2}
Model 2: Accuracy (es): 0.81 	Best params: {'C': 1, 'kernel': 'poly', 'max_iter': 1000, 'tol': 0.01}
Model 3: Accuracy (es): 0.83 	Best params: {'alpha': 1e-05, 'loss': 'squared_hinge', 'n_jobs': -1, 'tol': 20}
Model 4: Accuracy (es): 0.82 	Best params: {'activation': 'logistic', 'hidden_layer_sizes': 1024, 'learning_rate': 'constant', 'learning_rate_init': 0.1, 'max_iter': 500, 'solver': 'sgd', 'warm_start': True}
Model 5: Accuracy (es): 0.76 	Best params: {'n_jobs': -1, 'n_neighbors': 20}
Model 6: Accuracy (es): 0.79 	Best params: {'n_estimators': 100, 'n_jobs': -1}
Model 7: Accuracy (es): 0.75 	Best params: {'var_smoothing': 1e-09}
Model 8: Accuracy (es): 0.68 	Best params: {'splitter': 'random'}
Model 0: Accuracy (es): 0.73 	Best params: {'learning_rate': 0.01, 'loss': 'deviance', 'n_estimators': 150}
Model 1: Accuracy (es): 0.78 	Best params: {'C': 90, 'loss': 'hinge', 'max_iter': 1000, 'tol': 0.2}
Model 2: Accuracy (es): 0.77 	Best params: {'C': 10, 'kernel': 'linear', 'max_iter': 1000, 'tol': 0.01}
Model 3: Accuracy (es): 0.76 	Best params: {'alpha': 0.001, 'loss': 'hinge', 'n_jobs': -1, 'tol': 0.01}
Model 4: Accuracy (es): 0.78 	Best params: {'activation': 'relu', 'hidden_layer_sizes': 32, 'learning_rate': 'constant', 'learning_rate_init': 0.01, 'max_iter': 500, 'solver': 'sgd', 'warm_start': True}
Model 5: Accuracy (es): 0.77 	Best params: {'n_jobs': -1, 'n_neighbors': 20}
Model 6: Accuracy (es): 0.73 	Best params: {'n_estimators': 150, 'n_jobs': -1}
Model 7: Accuracy (es): 0.74 	Best params: {'var_smoothing': 1e-09}
Model 8: Accuracy (es): 0.67 	Best params: {'splitter': 'random'}