Number of literals: 125
Constructing lookup tables: [10%] [20%] [30%] [40%] [50%] [60%] [70%] [80%] [90%] [100%]
Post filtering unreachable actions:  [10%] [20%] [30%] [40%] [50%] [60%] [70%] [80%] [90%] [100%]
No semaphore facts found, returning
Seeing if metric is defined in terms of task vars or a minimal value of makespan
- Yes it is
Recognised a monotonic-change-induced limit on -1.000*<special>
- Must be >=  the metric
[01;34mFor limits: literal goal index 0, fact (at p1 ca3), is static or a precondition[00m
[01;34mFor limits: literal goal index 1, fact (at p2 ca3), is static or a precondition[00m
72% of the ground temporal actions in this problem are compression-safe
Initial heuristic = 30.000, admissible cost estimate 32.005
b (29.000 | 2.000)b (28.000 | 8.000)b (27.000 | 8.000)b (26.000 | 20.000)b (25.000 | 20.000)b (24.000 | 20.000)b (23.000 | 20.000)b (22.000 | 20.000)b (21.000 | 20.000)b (20.000 | 20.000)b (19.000 | 20.000)b (18.000 | 20.000)b (17.000 | 22.003)b (16.000 | 25.003)b (15.000 | 25.003)b (14.000 | 25.003)b (13.000 | 42.001)b (12.000 | 44.001)b (12.000 | 44.000)b (11.000 | 44.001)b (10.000 | 46.002)b (9.000 | 46.002)b (8.000 | 63.001)b (7.000 | 66.001)b (6.000 | 66.001)b (5.000 | 69.002)b (4.000 | 70.401)b (2.000 | 72.402)(G)
; LP calculated the cost

; Plan found with metric 73.402
; Theoretical reachable cost 73.402
; States evaluated so far: 120
; States pruned based on pre-heuristic cost lower bound: 0
; Time 0.20
0.000: (subir_conductor f4 d3 ca3)  [2.000]
0.000: (mover_conductor d2 ca2 a2 ciudad2)  [8.000]
0.000: (mover_conductor d1 e2 e1 ciudad1)  [5.000]
0.000: (mover_tren t1 e2 e4)  [20.000]
0.000: (mover_tren t2 e4 e1)  [20.000]
2.000: (mover_furgoneta f4 d3 ca3 e4 ciudad3)  [1.399]
5.001: (subir_conductor f1 d1 e1)  [2.000]
7.002: (mover_furgoneta f1 d1 e1 ca1 ciudad1)  [1.000]
8.001: (subir_conductor f3 d2 a2)  [2.000]
8.003: (load f1 ca1 p1)  [2.000]
10.002: (mover_furgoneta f3 d2 a2 e3 ciudad2)  [3.000]
10.003: (mover_furgoneta f1 d1 ca1 e1 ciudad1)  [1.000]
11.003: (unload f1 e1 p1)  [2.000]
13.003: (mover_furgoneta f3 d2 e3 ca2 ciudad2)  [3.000]
16.003: (load f3 ca2 p2)  [3.000]
19.003: (mover_furgoneta f3 d2 ca2 e3 ciudad2)  [3.000]
20.001: (load t2 e1 p1)  [2.000]
20.001: (mover_tren t1 e4 e3)  [20.000]
22.001: (mover_tren t2 e1 e4)  [20.000]
22.003: (unload f3 e3 p2)  [3.000]
40.001: (load t1 e3 p2)  [3.000]
42.001: (unload t2 e4 p1)  [2.000]
43.001: (mover_tren t1 e3 e4)  [20.000]
44.002: (load f4 e4 p1)  [2.000]
63.001: (unload t1 e4 p2)  [3.000]
66.002: (load f4 e4 p2)  [3.000]
69.003: (mover_furgoneta f4 d3 e4 ca3 ciudad3)  [1.399]
70.402: (unload f4 ca3 p1)  [2.000]
70.402: (unload f4 ca3 p2)  [3.000]

 * All goal deadlines now no later than 73.402

Resorting to best-first search
Running WA* with W = 5.000, not restarting with goal states
b (29.000 | 20.000)b (29.000 | 6.000)b (29.000 | 5.000)b (29.000 | 2.000)b (28.000 | 20.000)b (27.000 | 20.000)b (26.000 | 20.000)b (25.000 | 20.000)b (24.000 | 20.000)b (23.000 | 20.000)b (22.000 | 20.000)b (21.000 | 20.000)b (20.000 | 20.602)b (19.000 | 20.602)b (18.000 | 23.603)b (17.000 | 43.603)b (16.000 | 46.603)b (15.000 | 46.603)b (14.000 | 49.603)b (13.000 | 54.003)b (12.000 | 54.003)b (11.000 | 54.003)b (10.000 | 54.003)b (9.000 | 54.003)b (8.000 | 54.003)b (7.000 | 54.003)b (6.000 | 54.003)b (5.000 | 54.003)b (4.000 | 54.003)b (3.000 | 57.402)b (2.000 | 58.801)b (1.000 | 60.801)(G)
; LP calculated the cost

; Plan found with metric 60.801
; Theoretical reachable cost 60.803
; States evaluated so far: 745
; States pruned based on pre-heuristic cost lower bound: 0
; Time 1.20
0.000: (mover_tren t1 e2 e1)  [20.000]
0.000: (subir_conductor f4 d3 ca3)  [2.000]
0.000: (mover_conductor d2 ca2 a2 ciudad2)  [8.000]
0.000: (mover_conductor d1 e2 e1 ciudad1)  [5.000]
0.000: (mover_tren t2 e4 e3)  [20.000]
2.000: (mover_furgoneta f4 d3 ca3 e4 ciudad3)  [1.399]
5.001: (subir_conductor f1 d1 e1)  [2.000]
7.002: (mover_furgoneta f1 d1 e1 ca1 ciudad1)  [1.000]
8.001: (subir_conductor f3 d2 a2)  [2.000]
8.003: (load f1 ca1 p1)  [2.000]
10.002: (mover_furgoneta f3 d2 a2 ca2 ciudad2)  [1.600]
10.003: (mover_furgoneta f1 d1 ca1 e1 ciudad1)  [1.000]
11.003: (unload f1 e1 p1)  [2.000]
11.602: (load f3 ca2 p2)  [3.000]
14.602: (mover_furgoneta f3 d2 ca2 e3 ciudad2)  [3.000]
17.602: (unload f3 e3 p2)  [3.000]
20.001: (load t1 e1 p1)  [2.000]
20.603: (load t2 e3 p2)  [3.000]
22.001: (mover_tren t1 e1 e4)  [20.000]
23.603: (mover_tren t2 e3 e4)  [20.000]
42.001: (unload t1 e4 p1)  [2.000]
43.603: (unload t2 e4 p2)  [3.000]
46.604: (load f4 e4 p2)  [3.000]
49.604: (mover_furgoneta f4 d3 e4 ca3 ciudad3)  [1.399]
51.003: (unload f4 ca3 p2)  [3.000]
54.003: (mover_furgoneta f4 d3 ca3 e4 ciudad3)  [1.399]
55.402: (load f4 e4 p1)  [2.000]
57.402: (mover_furgoneta f4 d3 e4 ca3 ciudad3)  [1.399]
58.801: (unload f4 ca3 p1)  [2.000]

 * All goal deadlines now no later than 60.801
