Number of literals: 167
Constructing lookup tables: [10%] [20%] [30%] [40%] [50%] [60%] [70%] [80%] [90%] [100%]
Post filtering unreachable actions:  [10%] [20%] [30%] [40%] [50%] [60%] [70%] [80%] [90%] [100%]
No semaphore facts found, returning
Seeing if metric is defined in terms of task vars or a minimal value of makespan
- Yes it is
Recognised a monotonic-change-induced limit on -1.000*<special>
- Must be >=  the metric
[01;34mFor limits: literal goal index 0, fact (at p1 ca3), is static or a precondition[00m
[01;34mFor limits: literal goal index 1, fact (at p2 ca3), is static or a precondition[00m
[01;34mFor limits: literal goal index 2, fact (at p3 ca3), is static or a precondition[00m
[01;34mFor limits: literal goal index 3, fact (at p4 ca3), is static or a precondition[00m
[01;34mFor limits: literal goal index 4, fact (at p5 ca1), is static or a precondition[00m
66% of the ground temporal actions in this problem are compression-safe
Initial heuristic = 55.000, admissible cost estimate 29.609
b (54.000 | 2.000)b (53.000 | 8.000)b (52.000 | 8.000)b (48.000 | 20.000)b (47.000 | 20.000)b (46.000 | 20.000)b (45.000 | 20.000)b (44.000 | 20.000)b (43.000 | 20.000)b (42.000 | 20.000)b (41.000 | 20.000)b (40.000 | 20.000)b (39.000 | 20.000)b (38.000 | 20.000)b (37.000 | 20.000)b (36.000 | 20.000)b (35.000 | 22.003)b (34.000 | 25.003)b (33.000 | 25.003)b (32.000 | 28.004)b (31.000 | 48.004)b (30.000 | 48.004)b (29.000 | 49.004)b (29.000 | 49.003)b (28.000 | 51.004)b (28.000 | 51.003)b (27.000 | 51.004)b (27.000 | 51.003)b (26.000 | 51.004)b (25.000 | 51.004)b (24.000 | 54.005)b (23.000 | 54.005)b (22.000 | 54.005)b (21.000 | 54.005)b (20.000 | 54.005)b (19.000 | 63.001)b (18.000 | 63.001)b (17.000 | 63.001)b (16.000 | 63.001)b (15.000 | 65.001)b (14.000 | 65.001)b (13.000 | 65.001)b (12.000 | 65.001)b (11.000 | 67.002)b (10.000 | 67.002)b (9.000 | 67.002)b (8.000 | 68.401)b (6.000 | 69.402)b (4.000 | 70.402)b (2.000 | 70.402)(G)
; LP calculated the cost

; Plan found with metric 71.402
; Theoretical reachable cost 71.402
; States evaluated so far: 206
; States pruned based on pre-heuristic cost lower bound: 0
; Time 0.50
0.000: (subir_conductor f4 d3 ca3)  [2.000]
0.000: (mover_conductor d2 ca2 a2 ciudad2)  [8.000]
0.000: (mover_conductor d1 e2 e1 ciudad1)  [5.000]
0.000: (mover_tren t1 e2 e4)  [20.000]
0.000: (mover_tren t2 e4 e1)  [20.000]
0.000: (load f4 ca3 p5)  [1.000]
0.000: (load t3 e3 p4)  [1.000]
2.000: (mover_furgoneta f4 d3 ca3 e4 ciudad3)  [1.399]
3.400: (unload f4 e4 p5)  [1.000]
4.401: (mover_furgoneta f4 d3 e4 ca3 ciudad3)  [1.399]
5.001: (subir_conductor f1 d1 e1)  [2.000]
5.802: (mover_furgoneta f4 d3 ca3 e4 ciudad3)  [1.399]
7.002: (mover_furgoneta f1 d1 e1 ca1 ciudad1)  [1.000]
7.203: (mover_furgoneta f4 d3 e4 ca3 ciudad3)  [1.399]
8.001: (subir_conductor f3 d2 a2)  [2.000]
8.003: (load f1 ca1 p1)  [2.000]
8.604: (mover_furgoneta f4 d3 ca3 e4 ciudad3)  [1.399]
10.002: (mover_furgoneta f3 d2 a2 e3 ciudad2)  [3.000]
10.003: (mover_furgoneta f1 d1 ca1 e1 ciudad1)  [1.000]
11.003: (unload f1 e1 p1)  [2.000]
13.003: (mover_furgoneta f3 d2 e3 ca2 ciudad2)  [3.000]
16.003: (load f3 ca2 p2)  [3.000]
19.003: (mover_furgoneta f3 d2 ca2 e3 ciudad2)  [3.000]
20.001: (mover_tren t2 e1 e4)  [20.000]
20.001: (load t1 e4 p5)  [1.000]
21.001: (mover_tren t1 e4 e1)  [20.000]
22.003: (unload f3 e3 p2)  [3.000]
25.004: (load t3 e3 p2)  [3.000]
28.004: (mover_tren t3 e3 e4)  [20.000]
41.001: (unload t1 e1 p5)  [1.000]
41.001: (load t1 e1 p3)  [2.000]
41.001: (load t1 e1 p1)  [2.000]
42.002: (load f1 e1 p5)  [1.000]
43.001: (mover_tren t1 e1 e4)  [20.000]
43.002: (mover_furgoneta f1 d1 e1 ca1 ciudad1)  [1.000]
44.002: (unload f1 ca1 p5)  [1.000]
48.004: (unload t3 e4 p4)  [1.000]
48.004: (unload t3 e4 p2)  [3.000]
49.005: (load f4 e4 p4)  [1.000]
51.005: (load f4 e4 p2)  [3.000]
63.001: (unload t1 e4 p3)  [2.000]
63.001: (unload t1 e4 p1)  [2.000]
65.002: (load f4 e4 p3)  [2.000]
65.002: (load f4 e4 p1)  [2.000]
67.003: (mover_furgoneta f4 d3 e4 ca3 ciudad3)  [1.399]
68.402: (unload f4 ca3 p4)  [1.000]
68.402: (unload f4 ca3 p3)  [2.000]
68.402: (unload f4 ca3 p1)  [2.000]
68.402: (unload f4 ca3 p2)  [3.000]

 * All goal deadlines now no later than 71.402

Resorting to best-first search
Running WA* with W = 5.000, not restarting with goal states
b (51.000 | 20.000)b (50.000 | 20.000)b (49.000 | 20.000)b (48.000 | 20.000)b (47.000 | 20.000)b (46.000 | 20.000)b (45.000 | 20.000)b (44.000 | 20.000)b (43.000 | 20.000)b (42.000 | 20.000)b (41.000 | 20.000)b (40.000 | 20.000)b (39.000 | 20.602)b (38.000 | 20.602)b (37.000 | 23.603)b (36.000 | 43.603)b (35.000 | 43.603)b (34.000 | 44.603)b (33.000 | 46.603)b (33.000 | 44.603)b (32.000 | 46.603)b (31.000 | 46.603)b (30.000 | 46.603)b (29.000 | 46.603)b (28.000 | 46.603)b (27.000 | 49.603)b (26.000 | 52.003)b (25.000 | 54.003)b (25.000 | 52.003)b (24.000 | 54.003)b (23.000 | 54.003)b (22.000 | 54.003)b (21.000 | 54.003)b (20.000 | 54.003)b (19.000 | 54.003)b (18.000 | 54.003)b (17.000 | 54.003)b (16.000 | 54.003)b (15.000 | 54.003)b (14.000 | 54.003)b (13.000 | 61.001)b (12.000 | 62.001)b (12.000 | 62.000)b (11.000 | 62.001)b (10.000 | 63.002)b (9.000 | 64.002)b (8.000 | 65.002)b (8.000 | 65.001)b (7.000 | 65.002)b (6.000 | 65.002)b (5.000 | 65.002)b (4.000 | 65.002)b (3.000 | 65.002)b (2.000 | 65.002)b (1.000 | 65.002)(G)
; LP calculated the cost

; Plan found with metric 65.002
; Theoretical reachable cost 65.003
; States evaluated so far: 1709
; States pruned based on pre-heuristic cost lower bound: 0
; Time 4.26
0.000: (mover_tren t1 e2 e1)  [20.000]
0.000: (subir_conductor f4 d3 ca3)  [2.000]
0.000: (mover_conductor d2 ca2 a2 ciudad2)  [8.000]
0.000: (mover_conductor d1 e2 e1 ciudad1)  [5.000]
0.000: (mover_tren t2 e4 e1)  [20.000]
0.000: (load f4 ca3 p5)  [1.000]
0.000: (load t3 e3 p4)  [1.000]
2.000: (mover_furgoneta f4 d3 ca3 e4 ciudad3)  [1.399]
3.400: (unload f4 e4 p5)  [1.000]
5.001: (subir_conductor f1 d1 e1)  [2.000]
7.002: (mover_furgoneta f1 d1 e1 ca1 ciudad1)  [1.000]
8.001: (subir_conductor f3 d2 a2)  [2.000]
8.003: (load f1 ca1 p1)  [2.000]
10.002: (mover_furgoneta f3 d2 a2 ca2 ciudad2)  [1.600]
10.003: (mover_furgoneta f1 d1 ca1 e1 ciudad1)  [1.000]
11.003: (unload f1 e1 p1)  [2.000]
11.602: (load f3 ca2 p2)  [3.000]
14.602: (mover_furgoneta f3 d2 ca2 e3 ciudad2)  [3.000]
17.602: (unload f3 e3 p2)  [3.000]
20.001: (load t1 e1 p3)  [2.000]
20.001: (load t1 e1 p1)  [2.000]
20.001: (mover_tren t2 e1 e4)  [20.000]
20.603: (load t3 e3 p2)  [3.000]
22.001: (mover_tren t1 e1 e4)  [20.000]
23.603: (mover_tren t3 e3 e4)  [20.000]
40.001: (load t2 e4 p5)  [1.000]
41.001: (mover_tren t2 e4 e1)  [20.000]
42.001: (unload t1 e4 p3)  [2.000]
42.001: (unload t1 e4 p1)  [2.000]
43.603: (unload t3 e4 p4)  [1.000]
43.603: (unload t3 e4 p2)  [3.000]
44.604: (load f4 e4 p4)  [1.000]
46.604: (load f4 e4 p2)  [3.000]
49.604: (mover_furgoneta f4 d3 e4 ca3 ciudad3)  [1.399]
51.003: (unload f4 ca3 p4)  [1.000]
51.003: (unload f4 ca3 p2)  [3.000]
54.003: (mover_furgoneta f4 d3 ca3 e4 ciudad3)  [1.399]
55.402: (load f4 e4 p3)  [2.000]
55.402: (load f4 e4 p1)  [2.000]
57.402: (mover_furgoneta f4 d3 e4 ca3 ciudad3)  [1.399]
58.801: (unload f4 ca3 p1)  [2.000]
61.001: (unload t2 e1 p5)  [1.000]
62.002: (load f1 e1 p5)  [1.000]
63.002: (mover_furgoneta f1 d1 e1 ca1 ciudad1)  [1.000]
63.002: (unload f4 ca3 p3)  [2.000]
64.002: (unload f1 ca1 p5)  [1.000]

 * All goal deadlines now no later than 65.002
