
Parsing domain file:  domain 'TRANSPORTE' defined ... done.
Parsing problem file:  problem 'PROBTRANSPORTE' defined ... done.



Modality: Incremental Planner

Number of actions             :     992
Number of conditional actions :       0
Number of facts               :     167


Analyzing Planning Problem:
	Temporal Planning Problem: YES
	Numeric Planning Problem: YES
	Problem with Timed Initial Litearals: NO
	Problem with Derived Predicates: NO

Evaluation function weights:
     Action duration 1.00; Action cost 0.00


Computing mutex... done

Preprocessing total time: 0.00 seconds

Searching ('.' = every 50 search steps):
. solution found: 

Plan computed:
   Time: (ACTION) [action Duration; action Cost]
 0.0000: (MOVER_CONDUCTOR D1 E2 CA1 CIUDAD1) [D:12.0000; C:0.1000]
 0.0000: (MOVER_CONDUCTOR D2 CA2 A2 CIUDAD2) [D:8.0000; C:0.1000]
 0.0000: (SUBIR_CONDUCTOR F4 D3 CA3) [D:2.0000; C:0.1000]
 0.0000: (MOVER_TREN T1 E2 E3) [D:20.0000; C:0.1000]
 0.0000: (MOVER_TREN T2 E4 E2) [D:20.0000; C:0.1000]
 2.0000: (MOVER_FURGONETA F4 D3 CA3 E4 CIUDAD3) [D:1.4000; C:0.1000]
 8.0000: (SUBIR_CONDUCTOR F3 D2 A2) [D:2.0000; C:0.1000]
 12.0000: (MOVER_CONDUCTOR D1 CA1 E1 CIUDAD1) [D:5.0000; C:0.1000]
 17.0000: (SUBIR_CONDUCTOR F1 D1 E1) [D:2.0000; C:0.1000]
 19.0000: (MOVER_FURGONETA F1 D1 E1 CA1 CIUDAD1) [D:1.0000; C:0.1000]
 20.0000: (LOAD F1 CA1 P1) [D:2.0000; C:0.1000]
 20.0000: (LOAD T1 E3 P4) [D:1.0000; C:0.1000]
 21.0000: (MOVER_TREN T1 E3 E2) [D:20.0000; C:0.1000]
 22.0000: (MOVER_FURGONETA F1 D1 CA1 A1 CIUDAD1) [D:1.0000; C:0.1000]
 23.0000: (UNLOAD F1 A1 P1) [D:2.0000; C:0.1000]
 25.0000: (LOAD AV1 A1 P1) [D:2.0000; C:0.1000]
 25.0000: (MOVER_FURGONETA F1 D1 A1 E1 CIUDAD1) [D:2.0000; C:0.1000]
 27.0000: (MOVER_AVION AV1 A1 A2 CIUDAD1 CIUDAD2) [D:15.0000; C:0.1000]
 41.0000: (UNLOAD T1 E2 P4) [D:1.0000; C:0.1000]
 42.0000: (UNLOAD AV1 A2 P1) [D:2.0000; C:0.1000]
 42.0000: (LOAD T2 E2 P4) [D:1.0000; C:0.1000]
 43.0000: (MOVER_TREN T2 E2 E4) [D:20.0000; C:0.1000]
 44.0000: (LOAD F3 A2 P1) [D:2.0000; C:0.1000]
 46.0000: (MOVER_FURGONETA F3 D2 A2 CA2 CIUDAD2) [D:1.6000; C:0.1000]
 47.6000: (UNLOAD F3 CA2 P1) [D:2.0000; C:0.1000]
 47.6000: (LOAD F3 CA2 P2) [D:3.0000; C:0.1000]
 50.6000: (MOVER_FURGONETA F3 D2 CA2 E3 CIUDAD2) [D:3.0000; C:0.1000]
 53.6000: (UNLOAD F3 E3 P2) [D:3.0000; C:0.1000]
 56.6000: (LOAD T3 E3 P2) [D:3.0000; C:0.1000]
 59.6000: (MOVER_TREN T3 E3 E4) [D:20.0000; C:0.1000]
 63.0000: (UNLOAD T2 E4 P4) [D:1.0000; C:0.1000]
 64.0000: (LOAD F4 E4 P4) [D:1.0000; C:0.1000]
 79.6000: (UNLOAD T3 E4 P2) [D:3.0000; C:0.1000]
 82.6000: (LOAD F4 E4 P2) [D:3.0000; C:0.1000]
 85.6000: (MOVER_FURGONETA F4 D3 E4 CA3 CIUDAD3) [D:1.4000; C:0.1000]
 87.0000: (UNLOAD F4 CA3 P2) [D:3.0000; C:0.1000]
 87.0000: (UNLOAD F4 CA3 P4) [D:1.0000; C:0.1000]
 87.0000: (LOAD F4 CA3 P5) [D:1.0000; C:0.1000]
 90.0000: (MOVER_FURGONETA F4 D3 CA3 E4 CIUDAD3) [D:1.4000; C:0.1000]
 91.4000: (UNLOAD F4 E4 P5) [D:1.0000; C:0.1000]
 92.4000: (LOAD T3 E4 P5) [D:1.0000; C:0.1000]
 93.4000: (MOVER_TREN T3 E4 E1) [D:20.0000; C:0.1000]
 113.4000: (UNLOAD T3 E1 P5) [D:1.0000; C:0.1000]
 113.4000: (LOAD T3 E1 P3) [D:2.0000; C:0.1000]
 114.4000: (LOAD F1 E1 P5) [D:1.0000; C:0.1000]
 115.4000: (MOVER_FURGONETA F1 D1 E1 CA1 CIUDAD1) [D:1.0000; C:0.1000]
 115.4000: (MOVER_TREN T3 E1 E3) [D:20.0000; C:0.1000]
 116.4000: (UNLOAD F1 CA1 P5) [D:1.0000; C:0.1000]
 135.4000: (UNLOAD T3 E3 P3) [D:2.0000; C:0.1000]


Solution number: 1
Total time:      0.00
Search time:     0.00
Actions:         49
Execution cost:  4.90
Duration:        137.400
Plan quality:    137.400
     Plan file:       plan_problema2_2.pddl_1.SOL

