
Parsing domain file:  domain 'TRANSPORTE' defined ... done.
Parsing problem file:  problem 'PROBTRANSPORTE' defined ... done.



Modality: Incremental Planner

Number of actions             :    1167
Number of conditional actions :       0
Number of facts               :     176


Analyzing Planning Problem:
	Temporal Planning Problem: YES
	Numeric Planning Problem: YES
	Problem with Timed Initial Litearals: NO
	Problem with Derived Predicates: NO

Evaluation function weights:
     Action duration 1.00; Action cost 0.00


Computing mutex... done

Preprocessing total time: 0.02 seconds

Searching ('.' = every 50 search steps):
. solution found: 

Plan computed:
   Time: (ACTION) [action Duration; action Cost]
 0.0000: (LOAD F1 CA1 P1) [D:2.0000; C:0.1000]
 0.0000: (MOVER_CONDUCTOR D1 E2 A1 CIUDAD1) [D:6.0000; C:0.1000]
 0.0000: (MOVER_CONDUCTOR D2 CA2 E3 CIUDAD2) [D:15.0000; C:0.1000]
 0.0000: (SUBIR_CONDUCTOR F4 D3 CA3) [D:2.0000; C:0.1000]
 2.0000: (MOVER_FURGONETA F4 D3 CA3 E4 CIUDAD3) [D:1.4000; C:0.1000]
 6.0000: (MOVER_CONDUCTOR D1 A1 CA1 CIUDAD1) [D:5.0000; C:0.1000]
 11.0000: (SUBIR_CONDUCTOR F1 D1 CA1) [D:2.0000; C:0.1000]
 13.0000: (MOVER_FURGONETA F1 D1 CA1 E2 CIUDAD1) [D:2.4000; C:0.1000]
 15.0000: (SUBIR_CONDUCTOR F3 D2 E3) [D:2.0000; C:0.1000]
 15.4000: (UNLOAD F1 E2 P1) [D:2.0000; C:0.1000]
 17.4000: (LOAD T1 E2 P1) [D:2.0000; C:0.1000]
 19.4000: (MOVER_TREN T1 E2 E3) [D:20.0000; C:0.1000]
 39.4000: (UNLOAD T1 E3 P1) [D:2.0000; C:0.1000]
 39.4000: (LOAD T1 E3 P4) [D:1.0000; C:0.1000]
 41.4000: (LOAD F3 E3 P1) [D:2.0000; C:0.1000]
 43.4000: (MOVER_FURGONETA F3 D2 E3 CA2 CIUDAD2) [D:3.0000; C:0.1000]
 46.4000: (UNLOAD F3 CA2 P1) [D:2.0000; C:0.1000]
 46.4000: (LOAD F3 CA2 P2) [D:3.0000; C:0.1000]
 49.4000: (MOVER_FURGONETA F3 D2 CA2 E3 CIUDAD2) [D:3.0000; C:0.1000]
 52.4000: (UNLOAD F3 E3 P2) [D:3.0000; C:0.1000]
 55.4000: (LOAD T1 E3 P2) [D:3.0000; C:0.1000]
 58.4000: (MOVER_TREN T1 E3 E4) [D:20.0000; C:0.1000]
 78.4000: (UNLOAD T1 E4 P4) [D:1.0000; C:0.1000]
 79.4000: (MOVER_TREN T1 E4 E3) [D:20.0000; C:0.1000]
 79.4000: (LOAD F4 E4 P4) [D:1.0000; C:0.1000]
 99.4000: (MOVER_TREN T1 E3 E2) [D:20.0000; C:0.1000]
 119.4000: (MOVER_TREN T1 E2 E4) [D:20.0000; C:0.1000]
 139.4000: (UNLOAD T1 E4 P2) [D:3.0000; C:0.1000]
 142.4000: (LOAD T2 E4 P2) [D:3.0000; C:0.1000]
 145.4000: (UNLOAD T2 E4 P2) [D:3.0000; C:0.1000]
 148.4000: (LOAD F4 E4 P2) [D:3.0000; C:0.1000]
 151.4000: (MOVER_FURGONETA F4 D3 E4 CA3 CIUDAD3) [D:1.4000; C:0.1000]
 152.8000: (UNLOAD F4 CA3 P2) [D:3.0000; C:0.1000]
 152.8000: (UNLOAD F4 CA3 P4) [D:1.0000; C:0.1000]
 152.8000: (LOAD F4 CA3 P5) [D:1.0000; C:0.1000]
 155.8000: (MOVER_FURGONETA F4 D3 CA3 E4 CIUDAD3) [D:1.4000; C:0.1000]
 157.2000: (UNLOAD F4 E4 P5) [D:1.0000; C:0.1000]
 158.2000: (LOAD T1 E4 P5) [D:1.0000; C:0.1000]
 159.2000: (MOVER_TREN T1 E4 E1) [D:20.0000; C:0.1000]
 179.2000: (LOAD T1 E1 P3) [D:2.0000; C:0.1000]
 181.2000: (MOVER_TREN T1 E1 E3) [D:20.0000; C:0.1000]
 201.2000: (UNLOAD T1 E3 P3) [D:2.0000; C:0.1000]
 203.2000: (MOVER_TREN T1 E3 E1) [D:20.0000; C:0.1000]
 223.2000: (MOVER_TREN T1 E1 E2) [D:20.0000; C:0.1000]
 243.2000: (UNLOAD T1 E2 P5) [D:1.0000; C:0.1000]
 244.2000: (LOAD F1 E2 P5) [D:1.0000; C:0.1000]
 245.2000: (MOVER_FURGONETA F1 D1 E2 CA1 CIUDAD1) [D:2.4000; C:0.1000]
 247.6000: (UNLOAD F1 CA1 P5) [D:1.0000; C:0.1000]


Solution number: 1
Total time:      0.02
Search time:     0.00
Actions:         48
Execution cost:  4.80
Duration:        248.600
Plan quality:    248.600
     Plan file:       plan_problema1_2.pddl_1.SOL

