Number of literals: 176
Constructing lookup tables: [10%] [20%] [30%] [40%] [50%] [60%] [70%] [80%] [90%] [100%]
Post filtering unreachable actions:  [10%] [20%] [30%] [40%] [50%] [60%] [70%] [80%] [90%] [100%]
No semaphore facts found, returning
Seeing if metric is defined in terms of task vars or a minimal value of makespan
- Yes it is
Recognised a monotonic-change-induced limit on -1.000*<special>
- Must be >=  the metric
[01;34mFor limits: literal goal index 0, fact (at p1 ca2), is static or a precondition[00m
[01;34mFor limits: literal goal index 1, fact (at p2 ca3), is static or a precondition[00m
[01;34mFor limits: literal goal index 2, fact (at p3 e3), is static or a precondition[00m
[01;34mFor limits: literal goal index 3, fact (at p4 ca3), is static or a precondition[00m
[01;34mFor limits: literal goal index 4, fact (at p5 ca1), is static or a precondition[00m
66% of the ground temporal actions in this problem are compression-safe
Initial heuristic = 49.000, admissible cost estimate 38.009
b (48.000 | 2.000)b (47.000 | 15.000)b (46.000 | 15.000)b (45.000 | 15.000)b (44.000 | 15.000)b (43.000 | 15.000)b (42.000 | 15.000)b (41.000 | 15.000)b (40.000 | 15.000)b (39.000 | 15.000)b (38.000 | 17.001)b (37.000 | 17.001)b (36.000 | 17.001)b (35.000 | 17.001)b (34.000 | 17.001)b (33.000 | 17.005)b (32.000 | 23.003)b (31.000 | 29.003)b (30.000 | 29.003)b (29.000 | 29.003)b (28.000 | 29.003)b (27.000 | 29.003)b (26.000 | 29.003)b (25.000 | 29.003)b (24.000 | 29.003)b (23.000 | 29.003)b (22.000 | 29.003)b (21.000 | 29.003)b (20.000 | 29.003)b (19.000 | 29.003)b (18.000 | 29.003)b (17.000 | 29.003)b (16.000 | 29.003)b (15.000 | 29.003)b (14.000 | 29.003)b (13.000 | 32.004)b (12.000 | 32.004)b (11.000 | 32.004)b (10.000 | 34.504)b (9.000 | 34.504)b (8.000 | 34.504)b (7.000 | 34.504)b (6.000 | 37.503)b (5.000 | 37.504)b (5.000 | 37.503)b (4.000 | 37.504)b (3.000 | 40.505)b (2.000 | 41.904)b (1.000 | 44.905)(G)
; LP calculated the cost

; Plan found with metric 44.905
; Theoretical reachable cost 44.906
; States evaluated so far: 239
; States pruned based on pre-heuristic cost lower bound: 0
; Time 0.48
0.000: (subir_conductor f4 d3 ca3)  [2.000]
0.000: (mover_conductor d2 ca2 e3 ciudad2)  [15.000]
0.000: (mover_conductor d1 e2 e1 ciudad1)  [5.000]
0.000: (mover_tren t2 e4 e3)  [2.500]
0.000: (mover_tren t1 e2 e1)  [0.500]
0.000: (load f4 ca3 p5)  [1.000]
0.000: (load f1 ca1 p1)  [2.000]
0.501: (load t1 e1 p3)  [2.000]
2.000: (mover_furgoneta f4 d3 ca3 e4 ciudad3)  [1.399]
2.500: (load t2 e3 p4)  [1.000]
3.400: (unload f4 e4 p5)  [1.000]
3.500: (mover_tren t2 e3 e4)  [2.500]
5.001: (mover_conductor d1 e1 ca1 ciudad1)  [5.000]
6.000: (unload t2 e4 p4)  [1.000]
6.000: (load t2 e4 p5)  [1.000]
7.000: (mover_tren t2 e4 e1)  [2.500]
7.001: (load f4 e4 p4)  [1.000]
8.001: (mover_furgoneta f4 d3 e4 ca3 ciudad3)  [1.399]
9.400: (unload f4 ca3 p4)  [1.000]
9.500: (unload t2 e1 p5)  [1.000]
10.002: (subir_conductor f1 d1 ca1)  [2.000]
10.401: (mover_furgoneta f4 d3 ca3 e4 ciudad3)  [1.399]
12.003: (mover_furgoneta f1 d1 ca1 e1 ciudad1)  [1.000]
13.003: (unload f1 e1 p1)  [2.000]
13.003: (load f1 e1 p5)  [1.000]
15.001: (subir_conductor f3 d2 e3)  [2.000]
15.003: (mover_furgoneta f1 d1 e1 ca1 ciudad1)  [1.000]
15.005: (load t1 e1 p1)  [2.000]
16.003: (unload f1 ca1 p5)  [1.000]
17.001: (mover_furgoneta f3 d2 e3 ca2 ciudad2)  [3.000]
17.005: (mover_tren t1 e1 e4)  [2.500]
19.506: (mover_tren t1 e4 e3)  [2.500]
20.003: (load f3 ca2 p2)  [3.000]
22.006: (unload t1 e3 p3)  [2.000]
22.006: (unload t1 e3 p1)  [2.000]
23.003: (mover_furgoneta f3 d2 ca2 e3 ciudad2)  [3.000]
26.003: (unload f3 e3 p2)  [3.000]
26.003: (load f3 e3 p1)  [2.000]
29.003: (mover_furgoneta f3 d2 e3 ca2 ciudad2)  [3.000]
29.004: (load t1 e3 p2)  [3.000]
32.003: (unload f3 ca2 p1)  [2.000]
32.004: (mover_tren t1 e3 e4)  [2.500]
34.504: (unload t1 e4 p2)  [3.000]
37.505: (load f4 e4 p2)  [3.000]
40.506: (mover_furgoneta f4 d3 e4 ca3 ciudad3)  [1.399]
41.905: (unload f4 ca3 p2)  [3.000]

 * All goal deadlines now no later than 44.905

Resorting to best-first search
Running WA* with W = 5.000, not restarting with goal states
b (48.000 | 0.500)b (47.000 | 2.000)b (47.000 | 1.000)b (46.000 | 15.000)b (46.000 | 5.000)b (46.000 | 2.500)b (46.000 | 2.000)b (45.000 | 15.000)b (44.000 | 15.000)b (43.000 | 15.000)b (42.000 | 15.000)b (41.000 | 15.000)b (40.000 | 15.000)b (39.000 | 15.000)b (38.000 | 17.001)b (37.000 | 17.001)b (36.000 | 17.001)b (35.000 | 17.001)b (34.000 | 17.001)b (33.000 | 17.005)b (32.000 | 23.003)b (31.000 | 29.003)b (30.000 | 29.003)b (29.000 | 32.004)b (28.000 | 32.004)b (27.000 | 32.004)b (26.000 | 32.004)b (25.000 | 32.004)b (24.000 | 32.004)b (23.000 | 32.004)b (22.000 | 32.004)b (21.000 | 34.003)b (20.000 | 34.003)b (19.000 | 34.504)b (18.000 | 35.504)b (17.000 | 37.504)b (17.000 | 35.504)b (16.000 | 37.504)b (15.000 | 37.503)b (14.000 | 37.504)b (13.000 | 40.505)b (12.000 | 40.505)b (11.000 | 40.505)b (10.000 | 41.004)b (9.000 | 41.004)b (8.000 | 42.005)b (7.000 | 43.005)b (6.000 | 44.005)