Number of literals: 167
Constructing lookup tables: [10%] [20%] [30%] [40%] [50%] [60%] [70%] [80%] [90%] [100%]
Post filtering unreachable actions:  [10%] [20%] [30%] [40%] [50%] [60%] [70%] [80%] [90%] [100%]
No semaphore facts found, returning
Seeing if metric is defined in terms of task vars or a minimal value of makespan
- Yes it is
Recognised a monotonic-change-induced limit on -1.000*<special>
- Must be >=  the metric
[01;34mFor limits: literal goal index 0, fact (at p1 ca2), is static or a precondition[00m
[01;34mFor limits: literal goal index 1, fact (at p2 ca3), is static or a precondition[00m
[01;34mFor limits: literal goal index 2, fact (at p3 e3), is static or a precondition[00m
[01;34mFor limits: literal goal index 3, fact (at p4 ca3), is static or a precondition[00m
[01;34mFor limits: literal goal index 4, fact (at p5 ca1), is static or a precondition[00m
66% of the ground temporal actions in this problem are compression-safe
Initial heuristic = 51.000, admissible cost estimate 29.609
b (50.000 | 2.000)b (49.000 | 8.000)b (48.000 | 8.000)b (47.000 | 8.000)b (46.000 | 8.000)b (45.000 | 8.000)b (44.000 | 8.000)b (43.000 | 8.000)b (42.000 | 8.000)b (41.000 | 8.000)b (40.000 | 10.000)b (39.000 | 10.000)b (38.000 | 10.000)b (37.000 | 10.000)b (36.000 | 10.000)b (35.000 | 10.000)b (34.000 | 10.000)b (33.000 | 10.000)b (32.000 | 10.000)b (31.000 | 10.000)b (30.000 | 10.000)b (29.000 | 10.000)b (28.000 | 10.903)b (27.000 | 11.903)b (26.000 | 12.903)b (25.000 | 12.903)b (24.000 | 13.903)b (23.000 | 15.903)b (22.000 | 15.903)b (21.000 | 17.903)b (20.000 | 18.570)b (19.000 | 20.570)b (18.000 | 20.570)b (17.000 | 22.571)b (16.000 | 25.571)b (15.000 | 25.571)b (14.000 | 25.571)b (13.000 | 30.572)b (13.000 | 30.571)b (12.000 | 31.572)b (11.000 | 31.572)b (10.000 | 34.572)b (9.000 | 37.572)b (8.000 | 37.572)b (7.000 | 40.573)b (6.000 | 43.073)b (5.000 | 46.073)b (4.000 | 46.073)b (3.000 | 49.073)b (2.000 | 50.472)b (1.000 | 53.472)(G)
; LP calculated the cost

; Plan found with metric 53.473
; Theoretical reachable cost 53.474
; States evaluated so far: 247
; States pruned based on pre-heuristic cost lower bound: 0
; Time 0.50
0.000: (subir_conductor f4 d3 ca3)  [2.000]
0.000: (mover_conductor d2 ca2 a2 ciudad2)  [8.000]
0.000: (mover_conductor d1 e2 e1 ciudad1)  [5.000]
0.000: (mover_tren t1 e2 e1)  [0.500]
0.000: (load f4 ca3 p5)  [1.000]
0.000: (load t3 e3 p4)  [1.000]
0.501: (load t1 e1 p3)  [2.000]
1.000: (mover_tren t3 e3 e4)  [1.250]
2.000: (mover_furgoneta f4 d3 ca3 e4 ciudad3)  [1.399]
2.250: (unload t3 e4 p4)  [1.000]
2.501: (mover_tren t1 e1 e3)  [3.000]
3.400: (unload f4 e4 p5)  [1.000]
3.400: (load f4 e4 p4)  [1.000]
4.401: (mover_furgoneta f4 d3 e4 ca3 ciudad3)  [1.399]
4.402: (load t2 e4 p5)  [1.000]
5.001: (subir_conductor f1 d1 e1)  [2.000]
5.402: (mover_tren t2 e4 e1)  [2.500]
5.501: (unload t1 e3 p3)  [2.000]
5.800: (unload f4 ca3 p4)  [1.000]
6.800: (mover_furgoneta f4 d3 ca3 e4 ciudad3)  [1.399]
7.501: (mover_tren t1 e3 e4)  [2.500]
7.902: (unload t2 e1 p5)  [1.000]
8.001: (subir_conductor f3 d2 a2)  [2.000]
8.903: (load f1 e1 p5)  [1.000]
9.903: (mover_furgoneta f1 d1 e1 ca1 ciudad1)  [1.000]
10.002: (mover_tren t1 e4 e3)  [2.500]
10.903: (unload f1 ca1 p5)  [1.000]
10.903: (load f1 ca1 p1)  [2.000]
12.903: (mover_furgoneta f1 d1 ca1 a1 ciudad1)  [1.000]
13.903: (unload f1 a1 p1)  [2.000]
15.904: (load av1 a1 p1)  [2.000]
17.904: (mover_avion av1 a1 a2 ciudad1 ciudad2)  [0.666]
18.570: (unload av1 a2 p1)  [2.000]
20.571: (load f3 a2 p1)  [2.000]
22.571: (mover_furgoneta f3 d2 a2 e3 ciudad2)  [3.000]
25.572: (mover_furgoneta f3 d2 e3 ca2 ciudad2)  [3.000]
28.572: (unload f3 ca2 p1)  [2.000]
28.572: (load f3 ca2 p2)  [3.000]
31.572: (mover_furgoneta f3 d2 ca2 e3 ciudad2)  [3.000]
34.572: (unload f3 e3 p2)  [3.000]
37.573: (load t1 e3 p2)  [3.000]
40.573: (mover_tren t1 e3 e4)  [2.500]
43.073: (unload t1 e4 p2)  [3.000]
46.074: (load f4 e4 p2)  [3.000]
49.074: (mover_furgoneta f4 d3 e4 ca3 ciudad3)  [1.399]
50.473: (unload f4 ca3 p2)  [3.000]

 * All goal deadlines now no later than 53.473

Resorting to best-first search
Running WA* with W = 5.000, not restarting with goal states
b (50.000 | 0.500)b (49.000 | 2.000)b (49.000 | 1.000)b (48.000 | 8.000)b (48.000 | 5.000)b (48.000 | 2.000)b (47.000 | 8.000)b (46.000 | 8.000)b (45.000 | 8.000)b (44.000 | 8.000)b (43.000 | 8.000)b (42.000 | 8.000)b (41.000 | 8.000)b (40.000 | 8.000)b (39.000 | 10.000)b (38.000 | 10.000)b (37.000 | 10.000)b (36.000 | 10.000)b (35.000 | 10.000)b (34.000 | 10.000)b (33.000 | 10.000)b (32.000 | 10.000)b (31.000 | 10.000)b (30.000 | 10.000)b (29.000 | 10.000)b (28.000 | 10.903)b (27.000 | 11.903)b (26.000 | 12.903)b (26.000 | 11.903)b (25.000 | 12.903)b (24.000 | 13.903)b (23.000 | 15.903)b (22.000 | 15.903)b (21.000 | 17.903)b (20.000 | 18.570)b (19.000 | 20.570)b (18.000 | 20.570)b (17.000 | 22.571)b (16.000 | 25.571)b (16.000 | 24.171)b (15.000 | 26.171)b (14.000 | 27.171)b (14.000 | 26.171)b (13.000 | 27.171)b (12.000 | 30.171)b (11.000 | 33.171)b (10.000 | 33.171)b (9.000 | 36.172)b (8.000 | 38.672)b (7.000 | 41.672)b (6.000 | 41.672)b (5.000 | 44.673)b (4.000 | 46.072)b (3.000 | 47.073)b (2.000 | 49.073)b (2.000 | 47.073)b (1.000 | 49.073)(G)
; LP calculated the cost

; Plan found with metric 49.073
; Theoretical reachable cost 49.074
; States evaluated so far: 1579
; States pruned based on pre-heuristic cost lower bound: 0
; Time 3.64
0.000: (mover_tren t1 e2 e1)  [0.500]
0.000: (subir_conductor f4 d3 ca3)  [2.000]
0.000: (mover_conductor d2 ca2 a2 ciudad2)  [8.000]
0.000: (mover_conductor d1 e2 e1 ciudad1)  [5.000]
0.000: (load f4 ca3 p5)  [1.000]
0.000: (load t3 e3 p4)  [1.000]
0.501: (load t1 e1 p3)  [2.000]
1.000: (mover_tren t3 e3 e4)  [1.250]
2.000: (mover_furgoneta f4 d3 ca3 e4 ciudad3)  [1.399]
2.250: (unload t3 e4 p4)  [1.000]
2.501: (mover_tren t1 e1 e3)  [3.000]
3.400: (unload f4 e4 p5)  [1.000]
3.400: (load f4 e4 p4)  [1.000]
4.402: (load t2 e4 p5)  [1.000]
5.001: (subir_conductor f1 d1 e1)  [2.000]
5.402: (mover_tren t2 e4 e1)  [2.500]
5.501: (unload t1 e3 p3)  [2.000]
7.902: (unload t2 e1 p5)  [1.000]
8.001: (subir_conductor f3 d2 a2)  [2.000]
8.903: (load f1 e1 p5)  [1.000]
9.903: (mover_furgoneta f1 d1 e1 ca1 ciudad1)  [1.000]
10.903: (unload f1 ca1 p5)  [1.000]
10.903: (load f1 ca1 p1)  [2.000]
12.903: (mover_furgoneta f1 d1 ca1 a1 ciudad1)  [1.000]
13.903: (unload f1 a1 p1)  [2.000]
15.904: (load av1 a1 p1)  [2.000]
17.904: (mover_avion av1 a1 a2 ciudad1 ciudad2)  [0.666]
18.570: (unload av1 a2 p1)  [2.000]
20.571: (load f3 a2 p1)  [2.000]
22.571: (mover_furgoneta f3 d2 a2 ca2 ciudad2)  [1.600]
24.171: (unload f3 ca2 p1)  [2.000]
24.171: (load f3 ca2 p2)  [3.000]
27.171: (mover_furgoneta f3 d2 ca2 e3 ciudad2)  [3.000]
30.171: (unload f3 e3 p2)  [3.000]
33.172: (load t1 e3 p2)  [3.000]
36.172: (mover_tren t1 e3 e4)  [2.500]
38.672: (unload t1 e4 p2)  [3.000]
41.673: (load f4 e4 p2)  [3.000]
44.674: (mover_furgoneta f4 d3 e4 ca3 ciudad3)  [1.399]
46.073: (unload f4 ca3 p2)  [3.000]
48.073: (unload f4 ca3 p4)  [1.000]

 * All goal deadlines now no later than 49.073
