Number of literals: 125
Constructing lookup tables: [10%] [20%] [30%] [40%] [50%] [60%] [70%] [80%] [90%] [100%]
Post filtering unreachable actions:  [10%] [20%] [30%] [40%] [50%] [60%] [70%] [80%] [90%] [100%]
No semaphore facts found, returning
Seeing if metric is defined in terms of task vars or a minimal value of makespan
- Yes it is
Recognised a monotonic-change-induced limit on -1.000*<special>
- Must be >=  the metric
[01;34mFor limits: literal goal index 0, fact (at p1 ca3), is static or a precondition[00m
[01;34mFor limits: literal goal index 1, fact (at p2 ca3), is static or a precondition[00m
72% of the ground temporal actions in this problem are compression-safe
Initial heuristic = 30.000, admissible cost estimate 29.609
b (29.000 | 2.000)b (28.000 | 8.000)b (27.000 | 8.000)b (26.000 | 8.000)b (25.000 | 8.000)b (24.000 | 10.000)b (23.000 | 13.002)b (22.000 | 13.002)b (21.000 | 13.002)b (20.000 | 13.003)b (19.000 | 13.003)b (18.000 | 15.003)b (17.000 | 17.503)b (16.000 | 19.503)b (15.000 | 19.504)b (14.000 | 21.504)b (13.000 | 21.504)b (12.000 | 22.003)b (11.000 | 25.003)b (10.000 | 25.003)b (9.000 | 25.003)b (8.000 | 25.003)b (7.000 | 28.004)b (6.000 | 30.504)b (5.000 | 33.504)b (4.000 | 33.504)b (3.000 | 36.505)b (2.000 | 37.904)b (1.000 | 40.905)(G)
; LP calculated the cost

; Plan found with metric 40.905
; Theoretical reachable cost 40.906
; States evaluated so far: 104
; States pruned based on pre-heuristic cost lower bound: 0
; Time 0.14
0.000: (subir_conductor f4 d3 ca3)  [2.000]
0.000: (mover_conductor d2 ca2 a2 ciudad2)  [8.000]
0.000: (mover_conductor d1 e2 e1 ciudad1)  [5.000]
0.000: (mover_tren t1 e2 e4)  [2.000]
2.000: (mover_furgoneta f4 d3 ca3 e4 ciudad3)  [1.399]
2.001: (mover_tren t1 e4 e1)  [2.500]
5.001: (subir_conductor f1 d1 e1)  [2.000]
7.002: (mover_furgoneta f1 d1 e1 ca1 ciudad1)  [1.000]
8.001: (subir_conductor f3 d2 a2)  [2.000]
8.003: (load f1 ca1 p1)  [2.000]
10.002: (mover_furgoneta f3 d2 a2 e3 ciudad2)  [3.000]
10.003: (mover_furgoneta f1 d1 ca1 e1 ciudad1)  [1.000]
11.003: (unload f1 e1 p1)  [2.000]
13.003: (mover_furgoneta f3 d2 e3 ca2 ciudad2)  [3.000]
13.004: (load t1 e1 p1)  [2.000]
15.004: (mover_tren t1 e1 e4)  [2.500]
16.003: (load f3 ca2 p2)  [3.000]
17.504: (unload t1 e4 p1)  [2.000]
19.003: (mover_furgoneta f3 d2 ca2 e3 ciudad2)  [3.000]
19.504: (mover_tren t1 e4 e3)  [2.500]
19.505: (load f4 e4 p1)  [2.000]
21.505: (mover_furgoneta f4 d3 e4 ca3 ciudad3)  [1.399]
22.003: (unload f3 e3 p2)  [3.000]
22.904: (unload f4 ca3 p1)  [2.000]
24.904: (mover_furgoneta f4 d3 ca3 e4 ciudad3)  [1.399]
25.004: (load t1 e3 p2)  [3.000]
28.004: (mover_tren t1 e3 e4)  [2.500]
30.504: (unload t1 e4 p2)  [3.000]
33.505: (load f4 e4 p2)  [3.000]
36.506: (mover_furgoneta f4 d3 e4 ca3 ciudad3)  [1.399]
37.905: (unload f4 ca3 p2)  [3.000]

 * All goal deadlines now no later than 40.905

Resorting to best-first search
Running WA* with W = 5.000, not restarting with goal states
b (29.000 | 0.500)b (28.000 | 2.000)b (27.000 | 8.000)b (27.000 | 5.000)b (26.000 | 8.000)b (25.000 | 8.000)b (24.000 | 10.000)b (23.000 | 13.002)b (23.000 | 11.602)b (22.000 | 14.602)b (21.000 | 17.602)b (20.000 | 20.602)b (19.000 | 20.602)b (18.000 | 23.603)b (17.000 | 26.103)b (16.000 | 29.103)b (15.000 | 29.103)b (14.000 | 32.103)b (13.000 | 36.503)b (12.000 | 36.503)b (11.000 | 36.503)b (10.000 | 36.503)b (9.000 | 36.503)b (8.000 | 36.503)b (7.000 | 36.503)b (6.000 | 36.503)b (5.000 | 36.503)b (4.000 | 36.503)