
Parsing domain file:  domain 'TRANSPORTE' defined ... done.
Parsing problem file:  problem 'PROBTRANSPORTE' defined ... done.



Modality: Incremental Planner

Number of actions             :    1167
Number of conditional actions :       0
Number of facts               :     176


Analyzing Planning Problem:
	Temporal Planning Problem: YES
	Numeric Planning Problem: YES
	Problem with Timed Initial Litearals: NO
	Problem with Derived Predicates: NO

Evaluation function weights:
     Action duration 1.00; Action cost 0.00


Computing mutex... done

Preprocessing total time: 0.02 seconds

Searching ('.' = every 50 search steps):
. solution found: 

Plan computed:
   Time: (ACTION) [action Duration; action Cost]
 0.0000: (LOAD F1 CA1 P1) [D:2.0000; C:0.1000]
 0.0000: (MOVER_CONDUCTOR D1 E2 CA1 CIUDAD1) [D:12.0000; C:0.1000]
 0.0000: (MOVER_CONDUCTOR D2 CA2 E3 CIUDAD2) [D:15.0000; C:0.1000]
 0.0000: (SUBIR_CONDUCTOR F4 D3 CA3) [D:2.0000; C:0.1000]
 2.0000: (MOVER_FURGONETA F4 D3 CA3 E4 CIUDAD3) [D:1.4000; C:0.1000]
 12.0000: (SUBIR_CONDUCTOR F1 D1 CA1) [D:2.0000; C:0.1000]
 14.0000: (MOVER_FURGONETA F1 D1 CA1 E2 CIUDAD1) [D:2.4000; C:0.1000]
 15.0000: (SUBIR_CONDUCTOR F3 D2 E3) [D:2.0000; C:0.1000]
 16.4000: (UNLOAD F1 E2 P1) [D:2.0000; C:0.1000]
 18.4000: (LOAD T1 E2 P1) [D:2.0000; C:0.1000]
 20.4000: (MOVER_TREN T1 E2 E3) [D:3.0000; C:0.1000]
 23.4000: (UNLOAD T1 E3 P1) [D:2.0000; C:0.1000]
 23.4000: (LOAD T1 E3 P4) [D:1.0000; C:0.1000]
 25.4000: (LOAD F3 E3 P1) [D:2.0000; C:0.1000]
 27.4000: (UNLOAD F3 E3 P1) [D:2.0000; C:0.1000]
 29.4000: (LOAD F3 E3 P1) [D:2.0000; C:0.1000]
 31.4000: (MOVER_FURGONETA F3 D2 E3 CA2 CIUDAD2) [D:3.0000; C:0.1000]
 34.4000: (UNLOAD F3 CA2 P1) [D:2.0000; C:0.1000]
 34.4000: (LOAD F3 CA2 P2) [D:3.0000; C:0.1000]
 37.4000: (MOVER_FURGONETA F3 D2 CA2 E3 CIUDAD2) [D:3.0000; C:0.1000]
 40.4000: (UNLOAD F3 E3 P2) [D:3.0000; C:0.1000]
 43.4000: (LOAD T1 E3 P2) [D:3.0000; C:0.1000]
 46.4000: (MOVER_TREN T1 E3 E4) [D:2.5000; C:0.1000]
 48.9000: (UNLOAD T1 E4 P4) [D:1.0000; C:0.1000]
 49.9000: (MOVER_TREN T1 E4 E1) [D:2.5000; C:0.1000]
 49.9000: (LOAD F4 E4 P4) [D:1.0000; C:0.1000]
 52.4000: (LOAD T1 E1 P3) [D:2.0000; C:0.1000]
 54.4000: (MOVER_TREN T1 E1 E3) [D:3.0000; C:0.1000]
 57.4000: (UNLOAD T1 E3 P3) [D:2.0000; C:0.1000]
 59.4000: (MOVER_TREN T1 E3 E1) [D:3.0000; C:0.1000]
 62.4000: (MOVER_TREN T1 E1 E4) [D:2.5000; C:0.1000]
 64.9000: (UNLOAD T1 E4 P2) [D:3.0000; C:0.1000]
 67.9000: (LOAD T2 E4 P2) [D:3.0000; C:0.1000]
 70.9000: (UNLOAD T2 E4 P2) [D:3.0000; C:0.1000]
 73.9000: (LOAD F4 E4 P2) [D:3.0000; C:0.1000]
 76.9000: (MOVER_FURGONETA F4 D3 E4 CA3 CIUDAD3) [D:1.4000; C:0.1000]
 78.3000: (UNLOAD F4 CA3 P2) [D:3.0000; C:0.1000]
 78.3000: (UNLOAD F4 CA3 P4) [D:1.0000; C:0.1000]
 78.3000: (LOAD F4 CA3 P5) [D:1.0000; C:0.1000]
 81.3000: (MOVER_FURGONETA F4 D3 CA3 E4 CIUDAD3) [D:1.4000; C:0.1000]
 82.7000: (UNLOAD F4 E4 P5) [D:1.0000; C:0.1000]
 83.7000: (LOAD T1 E4 P5) [D:1.0000; C:0.1000]
 84.7000: (MOVER_TREN T1 E4 E2) [D:2.0000; C:0.1000]
 86.7000: (UNLOAD T1 E2 P5) [D:1.0000; C:0.1000]
 87.7000: (LOAD F1 E2 P5) [D:1.0000; C:0.1000]
 88.7000: (MOVER_FURGONETA F1 D1 E2 CA1 CIUDAD1) [D:2.4000; C:0.1000]
 91.1000: (UNLOAD F1 CA1 P5) [D:1.0000; C:0.1000]


Solution number: 1
Total time:      0.02
Search time:     0.00
Actions:         47
Execution cost:  4.70
Duration:        92.100
Plan quality:    92.100
     Plan file:       plan_problema1_2.pddl_1.SOL

