
Parsing domain file:  domain 'TRANSPORTE' defined ... done.
Parsing problem file:  problem 'PROBTRANSPORTE' defined ... done.



Modality: Incremental Planner

Number of actions             :     992
Number of conditional actions :       0
Number of facts               :     167


Analyzing Planning Problem:
	Temporal Planning Problem: YES
	Numeric Planning Problem: YES
	Problem with Timed Initial Litearals: NO
	Problem with Derived Predicates: NO

Evaluation function weights:
     Action duration 1.00; Action cost 0.00


Computing mutex... done

Preprocessing total time: 0.02 seconds

Searching ('.' = every 50 search steps):
. solution found: 

Plan computed:
   Time: (ACTION) [action Duration; action Cost]
 0.0000: (SUBIR_CONDUCTOR F4 D3 CA3) [D:2.0000; C:0.1000]
 0.0000: (MOVER_CONDUCTOR D2 CA2 A2 CIUDAD2) [D:8.0000; C:0.1000]
 0.0000: (MOVER_TREN T1 E2 E1) [D:0.5000; C:0.1000]
 0.0000: (MOVER_CONDUCTOR D1 E2 E1 CIUDAD1) [D:5.0000; C:0.1000]
 0.5000: (LOAD T1 E1 P3) [D:2.0000; C:0.1000]
 2.0000: (MOVER_FURGONETA F4 D3 CA3 E4 CIUDAD3) [D:1.4000; C:0.1000]
 2.5000: (MOVER_TREN T1 E1 E4) [D:2.5000; C:0.1000]
 5.0000: (UNLOAD T1 E4 P3) [D:2.0000; C:0.1000]
 5.0000: (SUBIR_CONDUCTOR F1 D1 E1) [D:2.0000; C:0.1000]
 7.0000: (MOVER_TREN T1 E4 E3) [D:2.5000; C:0.1000]
 7.0000: (MOVER_FURGONETA F1 D1 E1 CA1 CIUDAD1) [D:1.0000; C:0.1000]
 7.0000: (LOAD F4 E4 P3) [D:2.0000; C:0.1000]
 8.0000: (SUBIR_CONDUCTOR F3 D2 A2) [D:2.0000; C:0.1000]
 8.0000: (LOAD F1 CA1 P1) [D:2.0000; C:0.1000]
 9.5000: (LOAD T1 E3 P4) [D:1.0000; C:0.1000]
 10.0000: (MOVER_FURGONETA F3 D2 A2 CA2 CIUDAD2) [D:1.6000; C:0.1000]
 10.0000: (MOVER_FURGONETA F1 D1 CA1 E1 CIUDAD1) [D:1.0000; C:0.1000]
 10.5000: (MOVER_TREN T1 E3 E4) [D:2.5000; C:0.1000]
 11.0000: (UNLOAD F1 E1 P1) [D:2.0000; C:0.1000]
 11.6000: (LOAD F3 CA2 P2) [D:3.0000; C:0.1000]
 13.0000: (UNLOAD T1 E4 P4) [D:1.0000; C:0.1000]
 14.0000: (LOAD F4 E4 P4) [D:1.0000; C:0.1000]
 14.6000: (MOVER_FURGONETA F3 D2 CA2 E3 CIUDAD2) [D:3.0000; C:0.1000]
 15.0000: (UNLOAD F4 E4 P4) [D:1.0000; C:0.1000]
 16.0000: (LOAD F4 E4 P4) [D:1.0000; C:0.1000]
 17.6000: (UNLOAD F3 E3 P2) [D:3.0000; C:0.1000]
 20.6000: (LOAD T3 E3 P2) [D:3.0000; C:0.1000]
 23.6000: (MOVER_TREN T3 E3 E1) [D:1.5000; C:0.1000]
 25.1000: (LOAD T3 E1 P1) [D:2.0000; C:0.1000]
 27.1000: (MOVER_TREN T3 E1 E4) [D:1.2500; C:0.1000]
 28.3500: (UNLOAD T3 E4 P1) [D:2.0000; C:0.1000]
 28.3500: (UNLOAD T3 E4 P2) [D:3.0000; C:0.1000]
 30.3500: (LOAD T2 E4 P1) [D:2.0000; C:0.1000]
 31.3500: (LOAD T2 E4 P2) [D:3.0000; C:0.1000]
 32.3500: (UNLOAD T2 E4 P1) [D:2.0000; C:0.1000]
 34.3500: (LOAD F4 E4 P1) [D:2.0000; C:0.1000]
 34.3500: (UNLOAD T2 E4 P2) [D:3.0000; C:0.1000]
 37.3500: (LOAD F4 E4 P2) [D:3.0000; C:0.1000]
 40.3500: (MOVER_FURGONETA F4 D3 E4 CA3 CIUDAD3) [D:1.4000; C:0.1000]
 41.7500: (UNLOAD F4 CA3 P1) [D:2.0000; C:0.1000]
 41.7500: (UNLOAD F4 CA3 P2) [D:3.0000; C:0.1000]
 41.7500: (UNLOAD F4 CA3 P3) [D:2.0000; C:0.1000]
 41.7500: (UNLOAD F4 CA3 P4) [D:1.0000; C:0.1000]
 41.7500: (LOAD F4 CA3 P5) [D:1.0000; C:0.1000]
 44.7500: (MOVER_FURGONETA F4 D3 CA3 E4 CIUDAD3) [D:1.4000; C:0.1000]
 46.1500: (UNLOAD F4 E4 P5) [D:1.0000; C:0.1000]
 47.1500: (LOAD T2 E4 P5) [D:1.0000; C:0.1000]
 48.1500: (MOVER_TREN T2 E4 E1) [D:2.5000; C:0.1000]
 50.6500: (UNLOAD T2 E1 P5) [D:1.0000; C:0.1000]
 51.6500: (LOAD F1 E1 P5) [D:1.0000; C:0.1000]
 52.6500: (MOVER_FURGONETA F1 D1 E1 CA1 CIUDAD1) [D:1.0000; C:0.1000]
 53.6500: (UNLOAD F1 CA1 P5) [D:1.0000; C:0.1000]


Solution number: 1
Total time:      0.02
Search time:     0.00
Actions:         52
Execution cost:  5.20
Duration:        54.650
Plan quality:    54.650
     Plan file:       plan_problema2.pddl_1.SOL

